Flow report for eight_bit_adder_reg
Mon Mar 25 01:27:32 2019
Quartus II 64-Bit Version 13.1.0 Build 162 10/23/2013 SJ Full Version


---------------------
; Table of Contents ;
---------------------
  1. Legal Notice
  2. Flow Summary
  3. Flow Settings
  4. Flow Non-Default Global Settings
  5. Flow Elapsed Time
  6. Flow OS Summary
  7. Flow Log
  8. Flow Messages
  9. Flow Suppressed Messages



----------------
; Legal Notice ;
----------------
Copyright (C) 1991-2013 Altera Corporation
Your use of Altera Corporation's design tools, logic functions 
and other software and tools, and its AMPP partner logic 
functions, and any output files from any of the foregoing 
(including device programming or simulation files), and any 
associated documentation or information are expressly subject 
to the terms and conditions of the Altera Program License 
Subscription Agreement, Altera MegaCore Function License 
Agreement, or other applicable license agreement, including, 
without limitation, that your use is for the sole purpose of 
programming logic devices manufactured by Altera and sold by 
Altera or its authorized distributors.  Please refer to the 
applicable agreement for further details.



+----------------------------------------------------------------------------------+
; Flow Summary                                                                     ;
+------------------------------------+---------------------------------------------+
; Flow Status                        ; Successful - Mon Mar 25 01:27:32 2019       ;
; Quartus II 64-Bit Version          ; 13.1.0 Build 162 10/23/2013 SJ Full Version ;
; Revision Name                      ; eight_bit_adder_reg                         ;
; Top-level Entity Name              ; eight_bit_adder_reg                         ;
; Family                             ; Cyclone IV E                                ;
; Device                             ; EP4CE10F17C8                                ;
; Timing Models                      ; Final                                       ;
; Total logic elements               ; 23 / 10,320 ( < 1 % )                       ;
;     Total combinational functions  ; 23 / 10,320 ( < 1 % )                       ;
;     Dedicated logic registers      ; 18 / 10,320 ( < 1 % )                       ;
; Total registers                    ; 18                                          ;
; Total pins                         ; 28 / 180 ( 16 % )                           ;
; Total virtual pins                 ; 0                                           ;
; Total memory bits                  ; 0 / 423,936 ( 0 % )                         ;
; Embedded Multiplier 9-bit elements ; 0 / 46 ( 0 % )                              ;
; Total PLLs                         ; 0 / 2 ( 0 % )                               ;
+------------------------------------+---------------------------------------------+


+-----------------------------------------+
; Flow Settings                           ;
+-------------------+---------------------+
; Option            ; Setting             ;
+-------------------+---------------------+
; Start date & time ; 03/25/2019 01:27:10 ;
; Main task         ; Compilation         ;
; Revision Name     ; eight_bit_adder_reg ;
+-------------------+---------------------+


+-----------------------------------------------------------------------------------------------------------------------------------------------+
; Flow Non-Default Global Settings                                                                                                              ;
+--------------------------------------+--------------------------------------------+---------------+-------------+-----------------------------+
; Assignment Name                      ; Value                                      ; Default Value ; Entity Name ; Section Id                  ;
+--------------------------------------+--------------------------------------------+---------------+-------------+-----------------------------+
; COMPILER_SIGNATURE_ID                ; 42168065573614.155344843011556             ; --            ; --          ; --                          ;
; EDA_DESIGN_INSTANCE_NAME             ; NA                                         ; --            ; --          ; eight_bit_adder_reg_vlg_tst ;
; EDA_NATIVELINK_SIMULATION_TEST_BENCH ; eight_bit_adder_reg_vlg_tst                ; --            ; --          ; eda_simulation              ;
; EDA_OUTPUT_DATA_FORMAT               ; Verilog Hdl                                ; --            ; --          ; eda_simulation              ;
; EDA_SIMULATION_TOOL                  ; ModelSim (Verilog)                         ; <None>        ; --          ; --                          ;
; EDA_TEST_BENCH_ENABLE_STATUS         ; TEST_BENCH_MODE                            ; --            ; --          ; eda_simulation              ;
; EDA_TEST_BENCH_FILE                  ; simulation/modelsim/eight_bit_adder_reg.vt ; --            ; --          ; eight_bit_adder_reg_vlg_tst ;
; EDA_TEST_BENCH_MODULE_NAME           ; eight_bit_adder_reg_vlg_tst                ; --            ; --          ; eight_bit_adder_reg_vlg_tst ;
; EDA_TEST_BENCH_NAME                  ; eight_bit_adder_reg_vlg_tst                ; --            ; --          ; eda_simulation              ;
; EDA_TIME_SCALE                       ; 1 ps                                       ; --            ; --          ; eda_simulation              ;
; MAX_CORE_JUNCTION_TEMP               ; 85                                         ; --            ; --          ; --                          ;
; MIN_CORE_JUNCTION_TEMP               ; 0                                          ; --            ; --          ; --                          ;
; NOMINAL_CORE_SUPPLY_VOLTAGE          ; 1.2V                                       ; --            ; --          ; --                          ;
; PARTITION_COLOR                      ; 16764057                                   ; --            ; --          ; Top                         ;
; PARTITION_FITTER_PRESERVATION_LEVEL  ; PLACEMENT_AND_ROUTING                      ; --            ; --          ; Top                         ;
; PARTITION_NETLIST_TYPE               ; SOURCE                                     ; --            ; --          ; Top                         ;
; PROJECT_OUTPUT_DIRECTORY             ; output_files                               ; --            ; --          ; --                          ;
+--------------------------------------+--------------------------------------------+---------------+-------------+-----------------------------+


+-------------------------------------------------------------------------------------------------------------------------------+
; Flow Elapsed Time                                                                                                             ;
+---------------------------+--------------+-------------------------+---------------------+------------------------------------+
; Module Name               ; Elapsed Time ; Average Processors Used ; Peak Virtual Memory ; Total CPU Time (on all processors) ;
+---------------------------+--------------+-------------------------+---------------------+------------------------------------+
; Analysis & Synthesis      ; 00:00:02     ; 1.0                     ; 468 MB              ; 00:00:02                           ;
; Fitter                    ; 00:00:08     ; 1.4                     ; 924 MB              ; 00:00:09                           ;
; Assembler                 ; 00:00:02     ; 1.0                     ; 461 MB              ; 00:00:01                           ;
; TimeQuest Timing Analyzer ; 00:00:02     ; 1.0                     ; 494 MB              ; 00:00:03                           ;
; EDA Netlist Writer        ; 00:00:01     ; 1.0                     ; 412 MB              ; 00:00:01                           ;
; Total                     ; 00:00:15     ; --                      ; --                  ; 00:00:16                           ;
+---------------------------+--------------+-------------------------+---------------------+------------------------------------+


+----------------------------------------------------------------------------------------+
; Flow OS Summary                                                                        ;
+---------------------------+------------------+-----------+------------+----------------+
; Module Name               ; Machine Hostname ; OS Name   ; OS Version ; Processor type ;
+---------------------------+------------------+-----------+------------+----------------+
; Analysis & Synthesis      ; qurel-PC         ; Windows 7 ; 6.1        ; x86_64         ;
; Fitter                    ; qurel-PC         ; Windows 7 ; 6.1        ; x86_64         ;
; Assembler                 ; qurel-PC         ; Windows 7 ; 6.1        ; x86_64         ;
; TimeQuest Timing Analyzer ; qurel-PC         ; Windows 7 ; 6.1        ; x86_64         ;
; EDA Netlist Writer        ; qurel-PC         ; Windows 7 ; 6.1        ; x86_64         ;
+---------------------------+------------------+-----------+------------+----------------+


------------
; Flow Log ;
------------
quartus_map --read_settings_files=on --write_settings_files=off eight_bit_adder_reg -c eight_bit_adder_reg
quartus_fit --read_settings_files=off --write_settings_files=off eight_bit_adder_reg -c eight_bit_adder_reg
quartus_asm --read_settings_files=off --write_settings_files=off eight_bit_adder_reg -c eight_bit_adder_reg
quartus_sta eight_bit_adder_reg -c eight_bit_adder_reg
quartus_eda --read_settings_files=off --write_settings_files=off eight_bit_adder_reg -c eight_bit_adder_reg



