Flow report for flow_led
Tue Mar 12 22:37:11 2019
Quartus II 64-Bit Version 13.1.0 Build 162 10/23/2013 SJ Full Version


---------------------
; Table of Contents ;
---------------------
  1. Legal Notice
  2. Flow Summary
  3. Flow Settings
  4. Flow Non-Default Global Settings
  5. Flow Elapsed Time
  6. Flow OS Summary
  7. Flow Log
  8. Flow Messages
  9. Flow Suppressed Messages



----------------
; Legal Notice ;
----------------
Copyright (C) 1991-2013 Altera Corporation
Your use of Altera Corporation's design tools, logic functions 
and other software and tools, and its AMPP partner logic 
functions, and any output files from any of the foregoing 
(including device programming or simulation files), and any 
associated documentation or information are expressly subject 
to the terms and conditions of the Altera Program License 
Subscription Agreement, Altera MegaCore Function License 
Agreement, or other applicable license agreement, including, 
without limitation, that your use is for the sole purpose of 
programming logic devices manufactured by Altera and sold by 
Altera or its authorized distributors.  Please refer to the 
applicable agreement for further details.



+----------------------------------------------------------------------------------+
; Flow Summary                                                                     ;
+------------------------------------+---------------------------------------------+
; Flow Status                        ; Successful - Tue Mar 12 22:37:11 2019       ;
; Quartus II 64-Bit Version          ; 13.1.0 Build 162 10/23/2013 SJ Full Version ;
; Revision Name                      ; flow_led                                    ;
; Top-level Entity Name              ; flow_led                                    ;
; Family                             ; Cyclone IV E                                ;
; Device                             ; EP4CE10F17C8                                ;
; Timing Models                      ; Final                                       ;
; Total logic elements               ; 43 / 10,320 ( < 1 % )                       ;
;     Total combinational functions  ; 40 / 10,320 ( < 1 % )                       ;
;     Dedicated logic registers      ; 28 / 10,320 ( < 1 % )                       ;
; Total registers                    ; 28                                          ;
; Total pins                         ; 6 / 180 ( 3 % )                             ;
; Total virtual pins                 ; 0                                           ;
; Total memory bits                  ; 0 / 423,936 ( 0 % )                         ;
; Embedded Multiplier 9-bit elements ; 0 / 46 ( 0 % )                              ;
; Total PLLs                         ; 0 / 2 ( 0 % )                               ;
+------------------------------------+---------------------------------------------+


+-----------------------------------------+
; Flow Settings                           ;
+-------------------+---------------------+
; Option            ; Setting             ;
+-------------------+---------------------+
; Start date & time ; 03/12/2019 22:36:43 ;
; Main task         ; Compilation         ;
; Revision Name     ; flow_led            ;
+-------------------+---------------------+


+-----------------------------------------------------------------------------------------------------------------+
; Flow Non-Default Global Settings                                                                                ;
+-------------------------------------+--------------------------------+---------------+-------------+------------+
; Assignment Name                     ; Value                          ; Default Value ; Entity Name ; Section Id ;
+-------------------------------------+--------------------------------+---------------+-------------+------------+
; COMPILER_SIGNATURE_ID               ; 42168065573614.155240140340332 ; --            ; --          ; --         ;
; MAX_CORE_JUNCTION_TEMP              ; 85                             ; --            ; --          ; --         ;
; MIN_CORE_JUNCTION_TEMP              ; 0                              ; --            ; --          ; --         ;
; OUTPUT_IO_TIMING_FAR_END_VMEAS      ; Half Signal Swing              ; --            ; --          ; --         ;
; OUTPUT_IO_TIMING_FAR_END_VMEAS      ; Half Signal Swing              ; --            ; --          ; --         ;
; OUTPUT_IO_TIMING_NEAR_END_VMEAS     ; Half Vccio                     ; --            ; --          ; --         ;
; OUTPUT_IO_TIMING_NEAR_END_VMEAS     ; Half Vccio                     ; --            ; --          ; --         ;
; PARTITION_COLOR                     ; 16764057                       ; --            ; --          ; Top        ;
; PARTITION_FITTER_PRESERVATION_LEVEL ; PLACEMENT_AND_ROUTING          ; --            ; --          ; Top        ;
; PARTITION_NETLIST_TYPE              ; SOURCE                         ; --            ; --          ; Top        ;
; PROJECT_OUTPUT_DIRECTORY            ; output_files                   ; --            ; --          ; --         ;
+-------------------------------------+--------------------------------+---------------+-------------+------------+


+-------------------------------------------------------------------------------------------------------------------------------+
; Flow Elapsed Time                                                                                                             ;
+---------------------------+--------------+-------------------------+---------------------+------------------------------------+
; Module Name               ; Elapsed Time ; Average Processors Used ; Peak Virtual Memory ; Total CPU Time (on all processors) ;
+---------------------------+--------------+-------------------------+---------------------+------------------------------------+
; Analysis & Synthesis      ; 00:00:02     ; 1.0                     ; 468 MB              ; 00:00:02                           ;
; Fitter                    ; 00:00:08     ; 1.0                     ; 926 MB              ; 00:00:08                           ;
; Assembler                 ; 00:00:01     ; 1.0                     ; 442 MB              ; 00:00:01                           ;
; TimeQuest Timing Analyzer ; 00:00:03     ; 1.0                     ; 490 MB              ; 00:00:03                           ;
; Total                     ; 00:00:14     ; --                      ; --                  ; 00:00:14                           ;
+---------------------------+--------------+-------------------------+---------------------+------------------------------------+


+----------------------------------------------------------------------------------------+
; Flow OS Summary                                                                        ;
+---------------------------+------------------+-----------+------------+----------------+
; Module Name               ; Machine Hostname ; OS Name   ; OS Version ; Processor type ;
+---------------------------+------------------+-----------+------------+----------------+
; Analysis & Synthesis      ; qurel-PC         ; Windows 7 ; 6.1        ; x86_64         ;
; Fitter                    ; qurel-PC         ; Windows 7 ; 6.1        ; x86_64         ;
; Assembler                 ; qurel-PC         ; Windows 7 ; 6.1        ; x86_64         ;
; TimeQuest Timing Analyzer ; qurel-PC         ; Windows 7 ; 6.1        ; x86_64         ;
+---------------------------+------------------+-----------+------------+----------------+


------------
; Flow Log ;
------------
quartus_map --read_settings_files=on --write_settings_files=off flow_led -c flow_led
quartus_fit --read_settings_files=off --write_settings_files=off flow_led -c flow_led
quartus_asm --read_settings_files=off --write_settings_files=off flow_led -c flow_led
quartus_sta flow_led -c flow_led
quartus_eda --read_settings_files=on --write_settings_files=off flow_led -c flow_led



